<?xml version="1.0" encoding="UTF-8"?>
<!-- Generated by org.testng.reporters.JUnitXMLReporter -->
<testsuite hostname="CarinaE" tests="3" failures="0" timestamp="14 Oct 2016 18:15:56 GMT" time="0.143" errors="0">
  <testcase name="testAdd1 on testAdd1(MyMethodsTest)" time="0.009" classname="MyMethodsTest"/>
  <testcase name="testAdd2 on testAdd2(MyMethodsTest)" time="0.0" classname="MyMethodsTest"/>
  <testcase name="testAdd3 on testAdd3(MyMethodsTest)" time="0.0" classname="MyMethodsTest"/>
</testsuite>
